<?xml version="1.0" encoding="UTF-8"?>
<!-- Generated by org.testng.reporters.JUnitReportReporter -->
<testsuite hostname="Dell-PC" name="demoproject.NewTest" tests="1" failures="0" timestamp="23 Mar 2018 16:37:44 GMT" time="13.140" errors="0">
  <testcase name="testJenkinsJob" time="13.140" classname="demoproject.NewTest"/>
</testsuite> <!-- demoproject.NewTest -->
